c:\users\brian\source\repos\sudokusolver\sudokuapi\release\sudokuapi.pch
c:\users\brian\source\repos\sudokusolver\sudokuapi\release\vc141.pdb
c:\users\brian\source\repos\sudokusolver\sudokuapi\release\stdafx.obj
c:\users\brian\source\repos\sudokusolver\sudokuapi\release\timerfactory.obj
c:\users\brian\source\repos\sudokusolver\sudokuapi\release\timer.obj
c:\users\brian\source\repos\sudokusolver\sudokuapi\release\solverfactory.obj
c:\users\brian\source\repos\sudokusolver\sudokuapi\release\sudokuapi.obj
c:\users\brian\source\repos\sudokusolver\sudokuapi\release\square.obj
c:\users\brian\source\repos\sudokusolver\sudokuapi\release\solver.obj
c:\users\brian\source\repos\sudokusolver\sudokuapi\release\dllmain.obj
c:\users\brian\source\repos\sudokusolver\sudokuapi\release\board.obj
c:\users\brian\source\repos\sudokusolver\sudokuinterface\bin\debug\sudokuapi.dll
c:\users\brian\source\repos\sudokusolver\sudokuinterface\bin\release\sudokuapi.pdb
c:\users\brian\source\repos\sudokusolver\sudokuinterface\bin\release\sudokuapi.lib
c:\users\brian\source\repos\sudokusolver\sudokuinterface\bin\release\sudokuapi.exp
c:\users\brian\source\repos\sudokusolver\sudokuapi\release\sudokuapi.tlog\cl.command.1.tlog
c:\users\brian\source\repos\sudokusolver\sudokuapi\release\sudokuapi.tlog\cl.read.1.tlog
c:\users\brian\source\repos\sudokusolver\sudokuapi\release\sudokuapi.tlog\cl.write.1.tlog
c:\users\brian\source\repos\sudokusolver\sudokuapi\release\sudokuapi.tlog\link.command.1.tlog
c:\users\brian\source\repos\sudokusolver\sudokuapi\release\sudokuapi.tlog\link.read.1.tlog
c:\users\brian\source\repos\sudokusolver\sudokuapi\release\sudokuapi.tlog\link.write.1.tlog
c:\users\brian\source\repos\sudokusolver\sudokuapi\release\sudokuapi.tlog\sudokuapi.write.1u.tlog
