c:\users\brian\source\repos\sudokusolver\sudokuapi\debug\sudokuapi.pch
c:\users\brian\source\repos\sudokusolver\sudokuapi\debug\vc141.pdb
c:\users\brian\source\repos\sudokusolver\sudokuapi\debug\vc141.idb
c:\users\brian\source\repos\sudokusolver\sudokuapi\debug\stdafx.obj
c:\users\brian\source\repos\sudokusolver\sudokuapi\debug\board.obj
c:\users\brian\source\repos\sudokusolver\sudokuapi\debug\dllmain.obj
c:\users\brian\source\repos\sudokusolver\sudokuapi\debug\solver.obj
c:\users\brian\source\repos\sudokusolver\sudokuapi\debug\square.obj
c:\users\brian\source\repos\sudokusolver\sudokuapi\debug\sudokuapi.obj
c:\users\brian\source\repos\sudokusolver\sudokuapi\debug\solverfactory.obj
c:\users\brian\source\repos\sudokusolver\sudokuapi\debug\timer.obj
c:\users\brian\source\repos\sudokusolver\sudokuapi\debug\timerfactory.obj
c:\users\brian\source\repos\sudokusolver\sudokuinterface\bin\debug\sudokuapi.ilk
c:\users\brian\source\repos\sudokusolver\sudokuinterface\bin\debug\sudokuapi.dll
c:\users\brian\source\repos\sudokusolver\sudokuinterface\bin\debug\sudokuapi.pdb
c:\users\brian\source\repos\sudokusolver\sudokuinterface\bin\debug\sudokuapi.lib
c:\users\brian\source\repos\sudokusolver\sudokuinterface\bin\debug\sudokuapi.exp
c:\users\brian\source\repos\sudokusolver\sudokuapi\debug\sudokuapi.tlog\cl.command.1.tlog
c:\users\brian\source\repos\sudokusolver\sudokuapi\debug\sudokuapi.tlog\cl.read.1.tlog
c:\users\brian\source\repos\sudokusolver\sudokuapi\debug\sudokuapi.tlog\cl.write.1.tlog
c:\users\brian\source\repos\sudokusolver\sudokuapi\debug\sudokuapi.tlog\link.command.1.tlog
c:\users\brian\source\repos\sudokusolver\sudokuapi\debug\sudokuapi.tlog\link.read.1.tlog
c:\users\brian\source\repos\sudokusolver\sudokuapi\debug\sudokuapi.tlog\link.write.1.tlog
c:\users\brian\source\repos\sudokusolver\sudokuapi\debug\sudokuapi.tlog\sudokuapi.write.1u.tlog
